# JRE version: OpenJDK Runtime Environment (19.0+36) (build 19+36-2238)
# Java VM: OpenJDK 64-Bit Server VM (19+36-2238, mixed mode, sharing, tiered, compressed oops, compressed class ptrs, g1 gc, windows-amd64)
GC Precious Log:
 CardTable entry size: 512
 Card Set container configuration: InlinePtr #cards 5 size 8 Array Of Cards #cards 12 size 40 Howl #buckets 4 coarsen threshold 1843 Howl Bitmap #cards 512 size 80 coarsen threshold 460 Card regions per heap region 1 cards per card region 2048
 CPUs: 4 total, 4 available
 Memory: 3447M
 Large Page Support: Disabled
 NUMA Support: Disabled
 Compressed Oops: Enabled (32-bit)
 Heap Region Size: 1M
 Heap Min Capacity: 8M
 Heap Initial Capacity: 54M
 Heap Max Capacity: 862M
 Pre-touch: Disabled
 Parallel Workers: 4
 Concurrent Workers: 1
 Concurrent Refinement Workers: 4
 Periodic GC: Disabled
Heap:
 garbage-first heap   total 116736K, used 81714K [0x00000000ca200000, 0x0000000100000000)
  region size 1024K, 28 young (28672K), 4 survivors (4096K)
 Metaspace       used 35225K, committed 35520K, reserved 1114112K
  class space    used 3923K, committed 4096K, reserved 1048576K
GC Heap History (20 events):
Event: 7.609 GC heap before
{Heap before GC invocations=14 (full 0):
 garbage-first heap   total 55296K, used 33587K [0x00000000ca200000, 0x0000000100000000)
  region size 1024K, 3 young (3072K), 2 survivors (2048K)
 Metaspace       used 21370K, committed 21632K, reserved 1114112K
  class space    used 2171K, committed 2304K, reserved 1048576K
}
Event: 7.611 GC heap after
{Heap after GC invocations=15 (full 0):
 garbage-first heap   total 66560K, used 31987K [0x00000000ca200000, 0x0000000100000000)
  region size 1024K, 1 young (1024K), 1 survivors (1024K)
 Metaspace       used 21370K, committed 21632K, reserved 1114112K
  class space    used 2171K, committed 2304K, reserved 1048576K
}
Event: 7.944 GC heap before
{Heap before GC invocations=15 (full 0):
 garbage-first heap   total 66560K, used 49395K [0x00000000ca200000, 0x0000000100000000)
  region size 1024K, 19 young (19456K), 1 survivors (1024K)
 Metaspace       used 21912K, committed 22080K, reserved 1114112K
  class space    used 2213K, committed 2304K, reserved 1048576K
}
Event: 7.950 GC heap after
{Heap after GC invocations=16 (full 0):
 garbage-first heap   total 66560K, used 36143K [0x00000000ca200000, 0x0000000100000000)
  region size 1024K, 3 young (3072K), 3 survivors (3072K)
 Metaspace       used 21912K, committed 22080K, reserved 1114112K
  class space    used 2213K, committed 2304K, reserved 1048576K
}
Event: 8.307 GC heap before
{Heap before GC invocations=17 (full 0):
 garbage-first heap   total 66560K, used 50479K [0x00000000ca200000, 0x0000000100000000)
  region size 1024K, 17 young (17408K), 3 survivors (3072K)
 Metaspace       used 22931K, committed 23168K, reserved 1114112K
  class space    used 2328K, committed 2432K, reserved 1048576K
}
Event: 8.312 GC heap after
{Heap after GC invocations=18 (full 0):
 garbage-first heap   total 66560K, used 37941K [0x00000000ca200000, 0x0000000100000000)
  region size 1024K, 2 young (2048K), 2 survivors (2048K)
 Metaspace       used 22931K, committed 23168K, reserved 1114112K
  class space    used 2328K, committed 2432K, reserved 1048576K
}
Event: 8.360 GC heap before
{Heap before GC invocations=18 (full 0):
 garbage-first heap   total 66560K, used 37941K [0x00000000ca200000, 0x0000000100000000)
  region size 1024K, 3 young (3072K), 2 survivors (2048K)
 Metaspace       used 23549K, committed 23808K, reserved 1114112K
  class space    used 2400K, committed 2560K, reserved 1048576K
}
Event: 8.362 GC heap after
{Heap after GC invocations=19 (full 0):
 garbage-first heap   total 66560K, used 38246K [0x00000000ca200000, 0x0000000100000000)
  region size 1024K, 1 young (1024K), 1 survivors (1024K)
 Metaspace       used 23549K, committed 23808K, reserved 1114112K
  class space    used 2400K, committed 2560K, reserved 1048576K
}
Event: 9.642 GC heap before
{Heap before GC invocations=19 (full 0):
 garbage-first heap   total 66560K, used 51558K [0x00000000ca200000, 0x0000000100000000)
  region size 1024K, 14 young (14336K), 1 survivors (1024K)
 Metaspace       used 25905K, committed 26112K, reserved 1114112K
  class space    used 2697K, committed 2816K, reserved 1048576K
}
Event: 9.644 GC heap after
{Heap after GC invocations=20 (full 0):
 garbage-first heap   total 66560K, used 39735K [0x00000000ca200000, 0x0000000100000000)
  region size 1024K, 2 young (2048K), 2 survivors (2048K)
 Metaspace       used 25905K, committed 26112K, reserved 1114112K
  class space    used 2697K, committed 2816K, reserved 1048576K
}
Event: 9.942 GC heap before
{Heap before GC invocations=21 (full 0):
 garbage-first heap   total 70656K, used 53047K [0x00000000ca200000, 0x0000000100000000)
  region size 1024K, 15 young (15360K), 2 survivors (2048K)
 Metaspace       used 26555K, committed 26752K, reserved 1114112K
  class space    used 2781K, committed 2880K, reserved 1048576K
}
Event: 9.946 GC heap after
{Heap after GC invocations=22 (full 0):
 garbage-first heap   total 70656K, used 41105K [0x00000000ca200000, 0x0000000100000000)
  region size 1024K, 2 young (2048K), 2 survivors (2048K)
 Metaspace       used 26555K, committed 26752K, reserved 1114112K
  class space    used 2781K, committed 2880K, reserved 1048576K
}
Event: 9.963 GC heap before
{Heap before GC invocations=22 (full 0):
 garbage-first heap   total 70656K, used 42129K [0x00000000ca200000, 0x0000000100000000)
  region size 1024K, 3 young (3072K), 2 survivors (2048K)
 Metaspace       used 26570K, committed 26816K, reserved 1114112K
  class space    used 2784K, committed 2880K, reserved 1048576K
}
Event: 9.965 GC heap after
{Heap after GC invocations=23 (full 0):
 garbage-first heap   total 116736K, used 41169K [0x00000000ca200000, 0x0000000100000000)
  region size 1024K, 1 young (1024K), 1 survivors (1024K)
 Metaspace       used 26570K, committed 26816K, reserved 1114112K
  class space    used 2784K, committed 2880K, reserved 1048576K
}
Event: 10.908 GC heap before
{Heap before GC invocations=23 (full 0):
 garbage-first heap   total 116736K, used 83153K [0x00000000ca200000, 0x0000000100000000)
  region size 1024K, 43 young (44032K), 1 survivors (1024K)
 Metaspace       used 28689K, committed 28992K, reserved 1114112K
  class space    used 3036K, committed 3200K, reserved 1048576K
}
Event: 10.915 GC heap after
{Heap after GC invocations=24 (full 0):
 garbage-first heap   total 116736K, used 45653K [0x00000000ca200000, 0x0000000100000000)
  region size 1024K, 5 young (5120K), 5 survivors (5120K)
 Metaspace       used 28689K, committed 28992K, reserved 1114112K
  class space    used 3036K, committed 3200K, reserved 1048576K
}
Event: 12.062 GC heap before
{Heap before GC invocations=24 (full 0):
 garbage-first heap   total 116736K, used 86613K [0x00000000ca200000, 0x0000000100000000)
  region size 1024K, 45 young (46080K), 5 survivors (5120K)
 Metaspace       used 31517K, committed 31744K, reserved 1114112K
  class space    used 3394K, committed 3520K, reserved 1048576K
}
Event: 12.070 GC heap after
{Heap after GC invocations=25 (full 0):
 garbage-first heap   total 116736K, used 50052K [0x00000000ca200000, 0x0000000100000000)
  region size 1024K, 5 young (5120K), 5 survivors (5120K)
 Metaspace       used 31517K, committed 31744K, reserved 1114112K
  class space    used 3394K, committed 3520K, reserved 1048576K
}
Event: 12.660 GC heap before
{Heap before GC invocations=25 (full 0):
 garbage-first heap   total 116736K, used 86916K [0x00000000ca200000, 0x0000000100000000)
  region size 1024K, 42 young (43008K), 5 survivors (5120K)
 Metaspace       used 33783K, committed 34048K, reserved 1114112K
  class space    used 3707K, committed 3840K, reserved 1048576K
}
Event: 12.668 GC heap after
{Heap after GC invocations=26 (full 0):
 garbage-first heap   total 116736K, used 54066K [0x00000000ca200000, 0x0000000100000000)
  region size 1024K, 4 young (4096K), 4 survivors (4096K)
 Metaspace       used 33783K, committed 34048K, reserved 1114112K
  class space    used 3707K, committed 3840K, reserved 1048576K
}

