# JRE version: OpenJDK Runtime Environment (19.0+36) (build 19+36-2238)
# Java VM: OpenJDK 64-Bit Server VM (19+36-2238, mixed mode, sharing, tiered, compressed oops, compressed class ptrs, g1 gc, windows-amd64)
GC Precious Log:
 CardTable entry size: 512
 Card Set container configuration: InlinePtr #cards 5 size 8 Array Of Cards #cards 12 size 40 Howl #buckets 4 coarsen threshold 1843 Howl Bitmap #cards 512 size 80 coarsen threshold 460 Card regions per heap region 1 cards per card region 2048
 CPUs: 4 total, 4 available
 Memory: 3447M
 Large Page Support: Disabled
 NUMA Support: Disabled
 Compressed Oops: Enabled (32-bit)
 Heap Region Size: 1M
 Heap Min Capacity: 8M
 Heap Initial Capacity: 54M
 Heap Max Capacity: 862M
 Pre-touch: Disabled
 Parallel Workers: 4
 Concurrent Workers: 1
 Concurrent Refinement Workers: 4
 Periodic GC: Disabled
Heap:
 garbage-first heap   total 70656K, used 41781K [0x00000000ca200000, 0x0000000100000000)
  region size 1024K, 2 young (2048K), 2 survivors (2048K)
 Metaspace       used 24687K, committed 24896K, reserved 1114112K
  class space    used 2479K, committed 2560K, reserved 1048576K
GC Heap History (20 events):
Event: 6.016 GC heap after
{Heap after GC invocations=9 (full 0):
 garbage-first heap   total 55296K, used 25093K [0x00000000ca200000, 0x0000000100000000)
  region size 1024K, 3 young (3072K), 3 survivors (3072K)
 Metaspace       used 14316K, committed 14528K, reserved 1114112K
  class space    used 1249K, committed 1344K, reserved 1048576K
}
Event: 6.832 GC heap before
{Heap before GC invocations=9 (full 0):
 garbage-first heap   total 55296K, used 40453K [0x00000000ca200000, 0x0000000100000000)
  region size 1024K, 18 young (18432K), 3 survivors (3072K)
 Metaspace       used 15313K, committed 15552K, reserved 1114112K
  class space    used 1408K, committed 1536K, reserved 1048576K
}
Event: 6.838 GC heap after
{Heap after GC invocations=10 (full 0):
 garbage-first heap   total 55296K, used 26890K [0x00000000ca200000, 0x0000000100000000)
  region size 1024K, 2 young (2048K), 2 survivors (2048K)
 Metaspace       used 15313K, committed 15552K, reserved 1114112K
  class space    used 1408K, committed 1536K, reserved 1048576K
}
Event: 7.818 GC heap before
{Heap before GC invocations=10 (full 0):
 garbage-first heap   total 55296K, used 40202K [0x00000000ca200000, 0x0000000100000000)
  region size 1024K, 16 young (16384K), 2 survivors (2048K)
 Metaspace       used 17525K, committed 17728K, reserved 1114112K
  class space    used 1728K, committed 1856K, reserved 1048576K
}
Event: 7.823 GC heap after
{Heap after GC invocations=11 (full 0):
 garbage-first heap   total 55296K, used 28259K [0x00000000ca200000, 0x0000000100000000)
  region size 1024K, 2 young (2048K), 2 survivors (2048K)
 Metaspace       used 17525K, committed 17728K, reserved 1114112K
  class space    used 1728K, committed 1856K, reserved 1048576K
}
Event: 8.080 GC heap before
{Heap before GC invocations=12 (full 0):
 garbage-first heap   total 55296K, used 41571K [0x00000000ca200000, 0x0000000100000000)
  region size 1024K, 15 young (15360K), 2 survivors (2048K)
 Metaspace       used 18338K, committed 18624K, reserved 1114112K
  class space    used 1815K, committed 1920K, reserved 1048576K
}
Event: 8.084 GC heap after
{Heap after GC invocations=13 (full 0):
 garbage-first heap   total 55296K, used 29846K [0x00000000ca200000, 0x0000000100000000)
  region size 1024K, 2 young (2048K), 2 survivors (2048K)
 Metaspace       used 18338K, committed 18624K, reserved 1114112K
  class space    used 1815K, committed 1920K, reserved 1048576K
}
Event: 8.100 GC heap before
{Heap before GC invocations=13 (full 0):
 garbage-first heap   total 55296K, used 30870K [0x00000000ca200000, 0x0000000100000000)
  region size 1024K, 3 young (3072K), 2 survivors (2048K)
 Metaspace       used 18378K, committed 18624K, reserved 1114112K
  class space    used 1821K, committed 1920K, reserved 1048576K
}
Event: 8.104 GC heap after
{Heap after GC invocations=14 (full 0):
 garbage-first heap   total 66560K, used 29472K [0x00000000ca200000, 0x0000000100000000)
  region size 1024K, 1 young (1024K), 1 survivors (1024K)
 Metaspace       used 18378K, committed 18624K, reserved 1114112K
  class space    used 1821K, committed 1920K, reserved 1048576K
}
Event: 8.904 GC heap before
{Heap before GC invocations=14 (full 0):
 garbage-first heap   total 66560K, used 49952K [0x00000000ca200000, 0x0000000100000000)
  region size 1024K, 22 young (22528K), 1 survivors (1024K)
 Metaspace       used 21558K, committed 21824K, reserved 1114112K
  class space    used 2156K, committed 2304K, reserved 1048576K
}
Event: 8.908 GC heap after
{Heap after GC invocations=15 (full 0):
 garbage-first heap   total 66560K, used 31552K [0x00000000ca200000, 0x0000000100000000)
  region size 1024K, 3 young (3072K), 3 survivors (3072K)
 Metaspace       used 21558K, committed 21824K, reserved 1114112K
  class space    used 2156K, committed 2304K, reserved 1048576K
}
Event: 9.504 GC heap before
{Heap before GC invocations=15 (full 0):
 garbage-first heap   total 66560K, used 51008K [0x00000000ca200000, 0x0000000100000000)
  region size 1024K, 22 young (22528K), 3 survivors (3072K)
 Metaspace       used 22403K, committed 22656K, reserved 1114112K
  class space    used 2219K, committed 2304K, reserved 1048576K
}
Event: 9.513 GC heap after
{Heap after GC invocations=16 (full 0):
 garbage-first heap   total 66560K, used 35929K [0x00000000ca200000, 0x0000000100000000)
  region size 1024K, 3 young (3072K), 3 survivors (3072K)
 Metaspace       used 22403K, committed 22656K, reserved 1114112K
  class space    used 2219K, committed 2304K, reserved 1048576K
}
Event: 9.913 GC heap before
{Heap before GC invocations=16 (full 0):
 garbage-first heap   total 66560K, used 51289K [0x00000000ca200000, 0x0000000100000000)
  region size 1024K, 18 young (18432K), 3 survivors (3072K)
 Metaspace       used 23173K, committed 23424K, reserved 1114112K
  class space    used 2311K, committed 2432K, reserved 1048576K
}
Event: 9.920 GC heap after
{Heap after GC invocations=17 (full 0):
 garbage-first heap   total 66560K, used 38998K [0x00000000ca200000, 0x0000000100000000)
  region size 1024K, 3 young (3072K), 3 survivors (3072K)
 Metaspace       used 23173K, committed 23424K, reserved 1114112K
  class space    used 2311K, committed 2432K, reserved 1048576K
}
Event: 10.207 GC heap before
{Heap before GC invocations=18 (full 0):
 garbage-first heap   total 70656K, used 51286K [0x00000000ca200000, 0x0000000100000000)
  region size 1024K, 15 young (15360K), 3 survivors (3072K)
 Metaspace       used 24024K, committed 24192K, reserved 1114112K
  class space    used 2403K, committed 2496K, reserved 1048576K
}
Event: 10.211 GC heap after
{Heap after GC invocations=19 (full 0):
 garbage-first heap   total 70656K, used 40508K [0x00000000ca200000, 0x0000000100000000)
  region size 1024K, 2 young (2048K), 2 survivors (2048K)
 Metaspace       used 24024K, committed 24192K, reserved 1114112K
  class space    used 2403K, committed 2496K, reserved 1048576K
}
Event: 10.232 GC heap before
{Heap before GC invocations=19 (full 0):
 garbage-first heap   total 70656K, used 41532K [0x00000000ca200000, 0x0000000100000000)
  region size 1024K, 3 young (3072K), 2 survivors (2048K)
 Metaspace       used 24050K, committed 24256K, reserved 1114112K
  class space    used 2405K, committed 2496K, reserved 1048576K
}
Event: 10.234 GC heap after
{Heap after GC invocations=20 (full 0):
 garbage-first heap   total 70656K, used 40039K [0x00000000ca200000, 0x0000000100000000)
  region size 1024K, 1 young (1024K), 1 survivors (1024K)
 Metaspace       used 24050K, committed 24256K, reserved 1114112K
  class space    used 2405K, committed 2496K, reserved 1048576K
}
Event: 10.547 GC heap before
{Heap before GC invocations=20 (full 0):
 garbage-first heap   total 70656K, used 54375K [0x00000000ca200000, 0x0000000100000000)
  region size 1024K, 16 young (16384K), 1 survivors (1024K)
 Metaspace       used 24687K, committed 24896K, reserved 1114112K
  class space    used 2479K, committed 2560K, reserved 1048576K
}

