# JRE version: OpenJDK Runtime Environment (19.0+36) (build 19+36-2238)
# Java VM: OpenJDK 64-Bit Server VM (19+36-2238, mixed mode, sharing, tiered, compressed oops, compressed class ptrs, g1 gc, windows-amd64)
GC Precious Log:
 CardTable entry size: 512
 Card Set container configuration: InlinePtr #cards 5 size 8 Array Of Cards #cards 12 size 40 Howl #buckets 4 coarsen threshold 1843 Howl Bitmap #cards 512 size 80 coarsen threshold 460 Card regions per heap region 1 cards per card region 2048
 CPUs: 4 total, 4 available
 Memory: 3447M
 Large Page Support: Disabled
 NUMA Support: Disabled
 Compressed Oops: Enabled (32-bit)
 Heap Region Size: 1M
 Heap Min Capacity: 8M
 Heap Initial Capacity: 54M
 Heap Max Capacity: 862M
 Pre-touch: Disabled
 Parallel Workers: 4
 Concurrent Workers: 1
 Concurrent Refinement Workers: 4
 Periodic GC: Disabled
Heap:
 garbage-first heap   total 55296K, used 30098K [0x00000000ca200000, 0x0000000100000000)
  region size 1024K, 2 young (2048K), 2 survivors (2048K)
 Metaspace       used 15967K, committed 16128K, reserved 1114112K
  class space    used 1525K, committed 1600K, reserved 1048576K
GC Heap History (20 events):
Event: 3.403 GC heap after
{Heap after GC invocations=2 (full 0):
 garbage-first heap   total 55296K, used 6055K [0x00000000ca200000, 0x0000000100000000)
  region size 1024K, 1 young (1024K), 1 survivors (1024K)
 Metaspace       used 6041K, committed 6144K, reserved 1114112K
  class space    used 533K, committed 576K, reserved 1048576K
}
Event: 4.132 GC heap before
{Heap before GC invocations=2 (full 0):
 garbage-first heap   total 55296K, used 25511K [0x00000000ca200000, 0x0000000100000000)
  region size 1024K, 20 young (20480K), 1 survivors (1024K)
 Metaspace       used 7571K, committed 7680K, reserved 1114112K
  class space    used 642K, committed 704K, reserved 1048576K
}
Event: 4.139 GC heap after
{Heap after GC invocations=3 (full 0):
 garbage-first heap   total 55296K, used 10736K [0x00000000ca200000, 0x0000000100000000)
  region size 1024K, 3 young (3072K), 3 survivors (3072K)
 Metaspace       used 7571K, committed 7680K, reserved 1114112K
  class space    used 642K, committed 704K, reserved 1048576K
}
Event: 4.480 GC heap before
{Heap before GC invocations=3 (full 0):
 garbage-first heap   total 55296K, used 28144K [0x00000000ca200000, 0x0000000100000000)
  region size 1024K, 21 young (21504K), 3 survivors (3072K)
 Metaspace       used 8244K, committed 8448K, reserved 1114112K
  class space    used 670K, committed 768K, reserved 1048576K
}
Event: 4.491 GC heap after
{Heap after GC invocations=4 (full 0):
 garbage-first heap   total 55296K, used 17125K [0x00000000ca200000, 0x0000000100000000)
  region size 1024K, 3 young (3072K), 3 survivors (3072K)
 Metaspace       used 8244K, committed 8448K, reserved 1114112K
  class space    used 670K, committed 768K, reserved 1048576K
}
Event: 5.023 GC heap before
{Heap before GC invocations=4 (full 0):
 garbage-first heap   total 55296K, used 33509K [0x00000000ca200000, 0x0000000100000000)
  region size 1024K, 19 young (19456K), 3 survivors (3072K)
 Metaspace       used 9642K, committed 9856K, reserved 1114112K
  class space    used 786K, committed 896K, reserved 1048576K
}
Event: 5.030 GC heap after
{Heap after GC invocations=5 (full 0):
 garbage-first heap   total 55296K, used 21500K [0x00000000ca200000, 0x0000000100000000)
  region size 1024K, 3 young (3072K), 3 survivors (3072K)
 Metaspace       used 9642K, committed 9856K, reserved 1114112K
  class space    used 786K, committed 896K, reserved 1048576K
}
Event: 5.587 GC heap before
{Heap before GC invocations=5 (full 0):
 garbage-first heap   total 55296K, used 35836K [0x00000000ca200000, 0x0000000100000000)
  region size 1024K, 17 young (17408K), 3 survivors (3072K)
 Metaspace       used 11059K, committed 11200K, reserved 1114112K
  class space    used 885K, committed 960K, reserved 1048576K
}
Event: 5.593 GC heap after
{Heap after GC invocations=6 (full 0):
 garbage-first heap   total 55296K, used 23952K [0x00000000ca200000, 0x0000000100000000)
  region size 1024K, 2 young (2048K), 2 survivors (2048K)
 Metaspace       used 11059K, committed 11200K, reserved 1114112K
  class space    used 885K, committed 960K, reserved 1048576K
}
Event: 5.988 GC heap before
{Heap before GC invocations=6 (full 0):
 garbage-first heap   total 55296K, used 37264K [0x00000000ca200000, 0x0000000100000000)
  region size 1024K, 15 young (15360K), 2 survivors (2048K)
 Metaspace       used 11714K, committed 11840K, reserved 1114112K
  class space    used 969K, committed 1024K, reserved 1048576K
}
Event: 5.992 GC heap after
{Heap after GC invocations=7 (full 0):
 garbage-first heap   total 55296K, used 25658K [0x00000000ca200000, 0x0000000100000000)
  region size 1024K, 2 young (2048K), 2 survivors (2048K)
 Metaspace       used 11714K, committed 11840K, reserved 1114112K
  class space    used 969K, committed 1024K, reserved 1048576K
}
Event: 6.432 GC heap before
{Heap before GC invocations=7 (full 0):
 garbage-first heap   total 55296K, used 38970K [0x00000000ca200000, 0x0000000100000000)
  region size 1024K, 15 young (15360K), 2 survivors (2048K)
 Metaspace       used 12440K, committed 12608K, reserved 1114112K
  class space    used 1039K, committed 1088K, reserved 1048576K
}
Event: 6.435 GC heap after
{Heap after GC invocations=8 (full 0):
 garbage-first heap   total 55296K, used 27059K [0x00000000ca200000, 0x0000000100000000)
  region size 1024K, 2 young (2048K), 2 survivors (2048K)
 Metaspace       used 12440K, committed 12608K, reserved 1114112K
  class space    used 1039K, committed 1088K, reserved 1048576K
}
Event: 7.519 GC heap before
{Heap before GC invocations=8 (full 0):
 garbage-first heap   total 55296K, used 40371K [0x00000000ca200000, 0x0000000100000000)
  region size 1024K, 15 young (15360K), 2 survivors (2048K)
 Metaspace       used 13430K, committed 13568K, reserved 1114112K
  class space    used 1169K, committed 1216K, reserved 1048576K
}
Event: 7.523 GC heap after
{Heap after GC invocations=9 (full 0):
 garbage-first heap   total 55296K, used 28600K [0x00000000ca200000, 0x0000000100000000)
  region size 1024K, 2 young (2048K), 2 survivors (2048K)
 Metaspace       used 13430K, committed 13568K, reserved 1114112K
  class space    used 1169K, committed 1216K, reserved 1048576K
}
Event: 8.386 GC heap before
{Heap before GC invocations=10 (full 0):
 garbage-first heap   total 55296K, used 40888K [0x00000000ca200000, 0x0000000100000000)
  region size 1024K, 14 young (14336K), 2 survivors (2048K)
 Metaspace       used 14267K, committed 14464K, reserved 1114112K
  class space    used 1311K, committed 1408K, reserved 1048576K
}
Event: 8.390 GC heap after
{Heap after GC invocations=11 (full 0):
 garbage-first heap   total 55296K, used 29726K [0x00000000ca200000, 0x0000000100000000)
  region size 1024K, 2 young (2048K), 2 survivors (2048K)
 Metaspace       used 14267K, committed 14464K, reserved 1114112K
  class space    used 1311K, committed 1408K, reserved 1048576K
}
Event: 8.409 GC heap before
{Heap before GC invocations=11 (full 0):
 garbage-first heap   total 55296K, used 30750K [0x00000000ca200000, 0x0000000100000000)
  region size 1024K, 3 young (3072K), 2 survivors (2048K)
 Metaspace       used 14347K, committed 14528K, reserved 1114112K
  class space    used 1322K, committed 1408K, reserved 1048576K
}
Event: 8.412 GC heap after
{Heap after GC invocations=12 (full 0):
 garbage-first heap   total 55296K, used 28581K [0x00000000ca200000, 0x0000000100000000)
  region size 1024K, 1 young (1024K), 1 survivors (1024K)
 Metaspace       used 14347K, committed 14528K, reserved 1114112K
  class space    used 1322K, committed 1408K, reserved 1048576K
}
Event: 9.683 GC heap before
{Heap before GC invocations=12 (full 0):
 garbage-first heap   total 55296K, used 41893K [0x00000000ca200000, 0x0000000100000000)
  region size 1024K, 14 young (14336K), 1 survivors (1024K)
 Metaspace       used 15967K, committed 16128K, reserved 1114112K
  class space    used 1525K, committed 1600K, reserved 1048576K
}

